<?xml version="1.0" encoding="UTF-8"?>
<!-- Generated by org.testng.reporters.JUnitReportReporter -->
<testsuite hostname="DESKTOP-0BR2GDR" failures="0" tests="1" name="com.validation.UrlValidation" time="7.342" errors="0" timestamp="5 May 2019 02:51:41 GMT">
  <testcase classname="com.validation.UrlValidation" name="valid" time="7.342"/>
</testsuite> <!-- com.validation.UrlValidation -->
