<?xml version="1.0" encoding="UTF-8"?>
<!-- Generated by org.testng.reporters.JUnitReportReporter -->
<testsuite hostname="DESKTOP-0BR2GDR" failures="0" tests="1" name="com.test.Home" time="14.322" errors="0" timestamp="5 May 2019 02:51:41 GMT">
  <testcase classname="com.test.Home" name="getBrowser" time="14.322"/>
</testsuite> <!-- com.test.Home -->
