<?xml version="1.0" encoding="UTF-8"?>
<!-- Generated by org.testng.reporters.JUnitReportReporter -->
<testsuite hostname="DESKTOP-0BR2GDR" failures="0" tests="1" name="com.validation.UrlValidation" time="6.521" errors="0" timestamp="5 May 2019 02:58:28 GMT">
  <testcase classname="com.validation.UrlValidation" name="valid" time="6.521"/>
</testsuite> <!-- com.validation.UrlValidation -->
