<?xml version="1.0" encoding="UTF-8"?>
<!-- Generated by org.testng.reporters.JUnitReportReporter -->
<testsuite hostname="DESKTOP-0BR2GDR" failures="0" tests="1" name="com.test.Home" time="16.737" errors="0" timestamp="5 May 2019 02:58:28 GMT">
  <testcase classname="com.test.Home" name="getBrowser" time="16.737"/>
</testsuite> <!-- com.test.Home -->
